AulaFirebase/app/build/intermediates/manifest_merge_blame_file/debug/processDebugMainManifest/manifest-merger-blame-debug-report.txt
1<?xml version="1.0" encoding="utf-8"?>
2<manifest xmlns:android="http://schemas.android.com/apk/res/android"
3    package="com.application.aulafirebase"
4    android:versionCode="1"
5    android:versionName="1.0" >
6
7    <uses-sdk
8        android:minSdkVersion="24"
9        android:targetSdkVersion="33" />
10
11    <!-- Although the *SdkVersion is captured in gradle build files, this is required for non gradle builds -->
12    <!-- <uses-sdk android:minSdkVersion="21"/> -->
13    <uses-permission android:name="android.permission.ACCESS_NETWORK_STATE" />
13-->[com.google.firebase:firebase-storage:21.0.1] AndroidManifest.xml:23:5-79
13-->[com.google.firebase:firebase-storage:21.0.1] AndroidManifest.xml:23:22-76
14    <uses-permission android:name="android.permission.INTERNET" />
14-->[com.google.firebase:firebase-storage:21.0.1] AndroidManifest.xml:24:5-67
14-->[com.google.firebase:firebase-storage:21.0.1] AndroidManifest.xml:24:22-64
15    <uses-permission android:name="android.permission.WAKE_LOCK" />
15-->[com.google.android.gms:play-services-measurement-api:22.1.2] AndroidManifest.xml:24:5-68
15-->[com.google.android.gms:play-services-measurement-api:22.1.2] AndroidManifest.xml:24:22-65
16    <uses-permission android:name="com.google.android.gms.permission.AD_ID" />
16-->[com.google.android.gms:play-services-measurement-api:22.1.2] AndroidManifest.xml:25:5-79
16-->[com.google.android.gms:play-services-measurement-api:22.1.2] AndroidManifest.xml:25:22-76
17    <uses-permission android:name="android.permission.ACCESS_ADSERVICES_ATTRIBUTION" />
17-->[com.google.android.gms:play-services-measurement-api:22.1.2] AndroidManifest.xml:26:5-88
17-->[com.google.android.gms:play-services-measurement-api:22.1.2] AndroidManifest.xml:26:22-85
18    <uses-permission android:name="android.permission.ACCESS_ADSERVICES_AD_ID" />
18-->[com.google.android.gms:play-services-measurement-api:22.1.2] AndroidManifest.xml:27:5-82
18-->[com.google.android.gms:play-services-measurement-api:22.1.2] AndroidManifest.xml:27:22-79
19    <uses-permission android:name="com.google.android.finsky.permission.BIND_GET_INSTALL_REFERRER_SERVICE" />
19-->[com.google.android.gms:play-services-measurement:22.1.2] AndroidManifest.xml:26:5-110
19-->[com.google.android.gms:play-services-measurement:22.1.2] AndroidManifest.xml:26:22-107
20    <uses-permission android:name="com.google.android.providers.gsf.permission.READ_GSERVICES" />
20-->[com.google.android.recaptcha:recaptcha:18.5.1] AndroidManifest.xml:9:5-98
20-->[com.google.android.recaptcha:recaptcha:18.5.1] AndroidManifest.xml:9:22-95
21
22    <permission
22-->[androidx.core:core:1.15.0] AndroidManifest.xml:22:5-24:47
23        android:name="com.application.aulafirebase.DYNAMIC_RECEIVER_NOT_EXPORTED_PERMISSION"
23-->[androidx.core:core:1.15.0] AndroidManifest.xml:23:9-81
24        android:protectionLevel="signature" />
24-->[androidx.core:core:1.15.0] AndroidManifest.xml:24:9-44
25
26    <uses-permission android:name="com.application.aulafirebase.DYNAMIC_RECEIVER_NOT_EXPORTED_PERMISSION" />
26-->[androidx.core:core:1.15.0] AndroidManifest.xml:26:5-97
26-->[androidx.core:core:1.15.0] AndroidManifest.xml:26:22-94
27
28    <application
28-->src/main/AndroidManifest.xml:5:5-27:19
29        android:allowBackup="true"
29-->src/main/AndroidManifest.xml:6:9-35
30        android:appComponentFactory="androidx.core.app.CoreComponentFactory"
30-->[androidx.core:core:1.15.0] AndroidManifest.xml:28:18-86
31        android:dataExtractionRules="@xml/data_extraction_rules"
31-->src/main/AndroidManifest.xml:7:9-65
32        android:debuggable="true"
33        android:extractNativeLibs="false"
34        android:fullBackupContent="@xml/backup_rules"
34-->src/main/AndroidManifest.xml:8:9-54
35        android:icon="@mipmap/ic_launcher"
35-->src/main/AndroidManifest.xml:9:9-43
36        android:label="@string/app_name"
36-->src/main/AndroidManifest.xml:10:9-41
37        android:roundIcon="@mipmap/ic_launcher_round"
37-->src/main/AndroidManifest.xml:11:9-54
38        android:supportsRtl="true"
38-->src/main/AndroidManifest.xml:12:9-35
39        android:testOnly="true"
40        android:theme="@style/Theme.AulaFirebase" >
40-->src/main/AndroidManifest.xml:13:9-50
41        <activity
41-->src/main/AndroidManifest.xml:15:9-17:40
42            android:name="com.application.aulafirebase.PrincipalActivity"
42-->src/main/AndroidManifest.xml:16:13-46
43            android:exported="false" />
43-->src/main/AndroidManifest.xml:17:13-37
44        <activity
44-->src/main/AndroidManifest.xml:18:9-26:20
45            android:name="com.application.aulafirebase.MainActivity"
45-->src/main/AndroidManifest.xml:19:13-41
46            android:exported="true" >
46-->src/main/AndroidManifest.xml:20:13-36
47            <intent-filter>
47-->src/main/AndroidManifest.xml:21:13-25:29
48                <action android:name="android.intent.action.MAIN" />
48-->src/main/AndroidManifest.xml:22:17-69
48-->src/main/AndroidManifest.xml:22:25-66
49
50                <category android:name="android.intent.category.LAUNCHER" />
50-->src/main/AndroidManifest.xml:24:17-77
50-->src/main/AndroidManifest.xml:24:27-74
51            </intent-filter>
52        </activity>
53
54        <service
54-->[com.google.firebase:firebase-storage-ktx:21.0.1] AndroidManifest.xml:9:9-15:19
55            android:name="com.google.firebase.components.ComponentDiscoveryService"
55-->[com.google.firebase:firebase-storage-ktx:21.0.1] AndroidManifest.xml:10:13-84
56            android:directBootAware="true"
56-->[com.google.firebase:firebase-common:21.0.0] AndroidManifest.xml:32:13-43
57            android:exported="false" >
57-->[com.google.firebase:firebase-storage-ktx:21.0.1] AndroidManifest.xml:11:13-37
58            <meta-data
58-->[com.google.firebase:firebase-storage-ktx:21.0.1] AndroidManifest.xml:12:13-14:85
59                android:name="com.google.firebase.components:com.google.firebase.storage.ktx.FirebaseStorageLegacyRegistrar"
59-->[com.google.firebase:firebase-storage-ktx:21.0.1] AndroidManifest.xml:13:17-125
60                android:value="com.google.firebase.components.ComponentRegistrar" />
60-->[com.google.firebase:firebase-storage-ktx:21.0.1] AndroidManifest.xml:14:17-82
61            <meta-data
61-->[com.google.firebase:firebase-firestore-ktx:25.1.1] AndroidManifest.xml:12:13-14:85
62                android:name="com.google.firebase.components:com.google.firebase.firestore.ktx.FirebaseFirestoreLegacyRegistrar"
62-->[com.google.firebase:firebase-firestore-ktx:25.1.1] AndroidManifest.xml:13:17-129
63                android:value="com.google.firebase.components.ComponentRegistrar" />
63-->[com.google.firebase:firebase-firestore-ktx:25.1.1] AndroidManifest.xml:14:17-82
64            <meta-data
64-->[com.google.firebase:firebase-auth-ktx:23.1.0] AndroidManifest.xml:11:13-13:85
65                android:name="com.google.firebase.components:com.google.firebase.auth.ktx.FirebaseAuthLegacyRegistrar"
65-->[com.google.firebase:firebase-auth-ktx:23.1.0] AndroidManifest.xml:12:17-119
66                android:value="com.google.firebase.components.ComponentRegistrar" />
66-->[com.google.firebase:firebase-auth-ktx:23.1.0] AndroidManifest.xml:13:17-82
67            <meta-data
67-->[com.google.firebase:firebase-storage:21.0.1] AndroidManifest.xml:30:13-32:85
68                android:name="com.google.firebase.components:com.google.firebase.storage.FirebaseStorageKtxRegistrar"
68-->[com.google.firebase:firebase-storage:21.0.1] AndroidManifest.xml:31:17-118
69                android:value="com.google.firebase.components.ComponentRegistrar" />
69-->[com.google.firebase:firebase-storage:21.0.1] AndroidManifest.xml:32:17-82
70            <meta-data
70-->[com.google.firebase:firebase-storage:21.0.1] AndroidManifest.xml:33:13-35:85
71                android:name="com.google.firebase.components:com.google.firebase.storage.StorageRegistrar"
71-->[com.google.firebase:firebase-storage:21.0.1] AndroidManifest.xml:34:17-107
72                android:value="com.google.firebase.components.ComponentRegistrar" />
72-->[com.google.firebase:firebase-storage:21.0.1] AndroidManifest.xml:35:17-82
73            <meta-data
73-->[com.google.android.gms:play-services-measurement-api:22.1.2] AndroidManifest.xml:37:13-39:85
74                android:name="com.google.firebase.components:com.google.firebase.analytics.connector.internal.AnalyticsConnectorRegistrar"
74-->[com.google.android.gms:play-services-measurement-api:22.1.2] AndroidManifest.xml:38:17-139
75                android:value="com.google.firebase.components.ComponentRegistrar" />
75-->[com.google.android.gms:play-services-measurement-api:22.1.2] AndroidManifest.xml:39:17-82
76            <meta-data
76-->[com.google.firebase:firebase-firestore:25.1.1] AndroidManifest.xml:17:13-19:85
77                android:name="com.google.firebase.components:com.google.firebase.firestore.FirebaseFirestoreKtxRegistrar"
77-->[com.google.firebase:firebase-firestore:25.1.1] AndroidManifest.xml:18:17-122
78                android:value="com.google.firebase.components.ComponentRegistrar" />
78-->[com.google.firebase:firebase-firestore:25.1.1] AndroidManifest.xml:19:17-82
79            <meta-data
79-->[com.google.firebase:firebase-firestore:25.1.1] AndroidManifest.xml:20:13-22:85
80                android:name="com.google.firebase.components:com.google.firebase.firestore.FirestoreRegistrar"
80-->[com.google.firebase:firebase-firestore:25.1.1] AndroidManifest.xml:21:17-111
81                android:value="com.google.firebase.components.ComponentRegistrar" />
81-->[com.google.firebase:firebase-firestore:25.1.1] AndroidManifest.xml:22:17-82
82            <meta-data
82-->[com.google.firebase:firebase-auth:23.1.0] AndroidManifest.xml:69:13-71:85
83                android:name="com.google.firebase.components:com.google.firebase.auth.FirebaseAuthRegistrar"
83-->[com.google.firebase:firebase-auth:23.1.0] AndroidManifest.xml:70:17-109
84                android:value="com.google.firebase.components.ComponentRegistrar" />
84-->[com.google.firebase:firebase-auth:23.1.0] AndroidManifest.xml:71:17-82
85            <meta-data
85-->[com.google.firebase:firebase-appcheck:18.0.0] AndroidManifest.xml:25:13-27:85
86                android:name="com.google.firebase.components:com.google.firebase.appcheck.FirebaseAppCheckKtxRegistrar"
86-->[com.google.firebase:firebase-appcheck:18.0.0] AndroidManifest.xml:26:17-120
87                android:value="com.google.firebase.components.ComponentRegistrar" />
87-->[com.google.firebase:firebase-appcheck:18.0.0] AndroidManifest.xml:27:17-82
88            <meta-data
88-->[com.google.firebase:firebase-appcheck:18.0.0] AndroidManifest.xml:28:13-30:85
89                android:name="com.google.firebase.components:com.google.firebase.appcheck.FirebaseAppCheckRegistrar"
89-->[com.google.firebase:firebase-appcheck:18.0.0] AndroidManifest.xml:29:17-117
90                android:value="com.google.firebase.components.ComponentRegistrar" />
90-->[com.google.firebase:firebase-appcheck:18.0.0] AndroidManifest.xml:30:17-82
91            <meta-data
91-->[com.google.firebase:firebase-installations:18.0.0] AndroidManifest.xml:15:13-17:85
92                android:name="com.google.firebase.components:com.google.firebase.installations.FirebaseInstallationsKtxRegistrar"
92-->[com.google.firebase:firebase-installations:18.0.0] AndroidManifest.xml:16:17-130
93                android:value="com.google.firebase.components.ComponentRegistrar" />
93-->[com.google.firebase:firebase-installations:18.0.0] AndroidManifest.xml:17:17-82
94            <meta-data
94-->[com.google.firebase:firebase-installations:18.0.0] AndroidManifest.xml:18:13-20:85
95                android:name="com.google.firebase.components:com.google.firebase.installations.FirebaseInstallationsRegistrar"
95-->[com.google.firebase:firebase-installations:18.0.0] AndroidManifest.xml:19:17-127
96                android:value="com.google.firebase.components.ComponentRegistrar" />
96-->[com.google.firebase:firebase-installations:18.0.0] AndroidManifest.xml:20:17-82
97            <meta-data
97-->[com.google.firebase:firebase-common-ktx:21.0.0] AndroidManifest.xml:12:13-14:85
98                android:name="com.google.firebase.components:com.google.firebase.ktx.FirebaseCommonLegacyRegistrar"
98-->[com.google.firebase:firebase-common-ktx:21.0.0] AndroidManifest.xml:13:17-116
99                android:value="com.google.firebase.components.ComponentRegistrar" />
99-->[com.google.firebase:firebase-common-ktx:21.0.0] AndroidManifest.xml:14:17-82
100            <meta-data
100-->[com.google.firebase:firebase-common:21.0.0] AndroidManifest.xml:35:13-37:85
101                android:name="com.google.firebase.components:com.google.firebase.FirebaseCommonKtxRegistrar"
101-->[com.google.firebase:firebase-common:21.0.0] AndroidManifest.xml:36:17-109
102                android:value="com.google.firebase.components.ComponentRegistrar" />
102-->[com.google.firebase:firebase-common:21.0.0] AndroidManifest.xml:37:17-82
103        </service>
104
105        <property
105-->[com.google.android.gms:play-services-measurement-api:22.1.2] AndroidManifest.xml:30:9-32:61
106            android:name="android.adservices.AD_SERVICES_CONFIG"
106-->[com.google.android.gms:play-services-measurement-api:22.1.2] AndroidManifest.xml:31:13-65
107            android:resource="@xml/ga_ad_services_config" />
107-->[com.google.android.gms:play-services-measurement-api:22.1.2] AndroidManifest.xml:32:13-58
108
109        <activity
109-->[com.google.firebase:firebase-auth:23.1.0] AndroidManifest.xml:29:9-46:20
110            android:name="com.google.firebase.auth.internal.GenericIdpActivity"
110-->[com.google.firebase:firebase-auth:23.1.0] AndroidManifest.xml:30:13-80
111            android:excludeFromRecents="true"
111-->[com.google.firebase:firebase-auth:23.1.0] AndroidManifest.xml:31:13-46
112            android:exported="true"
112-->[com.google.firebase:firebase-auth:23.1.0] AndroidManifest.xml:32:13-36
113            android:launchMode="singleTask"
113-->[com.google.firebase:firebase-auth:23.1.0] AndroidManifest.xml:33:13-44
114            android:theme="@android:style/Theme.Translucent.NoTitleBar" >
114-->[com.google.firebase:firebase-auth:23.1.0] AndroidManifest.xml:34:13-72
115            <intent-filter>
115-->[com.google.firebase:firebase-auth:23.1.0] AndroidManifest.xml:35:13-45:29
116                <action android:name="android.intent.action.VIEW" />
116-->[com.google.firebase:firebase-auth:23.1.0] AndroidManifest.xml:36:17-69
116-->[com.google.firebase:firebase-auth:23.1.0] AndroidManifest.xml:36:25-66
117
118                <category android:name="android.intent.category.DEFAULT" />
118-->[com.google.firebase:firebase-auth:23.1.0] AndroidManifest.xml:38:17-76
118-->[com.google.firebase:firebase-auth:23.1.0] AndroidManifest.xml:38:27-73
119                <category android:name="android.intent.category.BROWSABLE" />
119-->[com.google.firebase:firebase-auth:23.1.0] AndroidManifest.xml:39:17-78
119-->[com.google.firebase:firebase-auth:23.1.0] AndroidManifest.xml:39:27-75
120
121                <data
121-->[com.google.firebase:firebase-auth:23.1.0] AndroidManifest.xml:41:17-44:51
122                    android:host="firebase.auth"
122-->[com.google.firebase:firebase-auth:23.1.0] AndroidManifest.xml:42:21-49
123                    android:path="/"
123-->[com.google.firebase:firebase-auth:23.1.0] AndroidManifest.xml:43:21-37
124                    android:scheme="genericidp" />
124-->[com.google.firebase:firebase-auth:23.1.0] AndroidManifest.xml:44:21-48
125            </intent-filter>
126        </activity>
127        <activity
127-->[com.google.firebase:firebase-auth:23.1.0] AndroidManifest.xml:47:9-64:20
128            android:name="com.google.firebase.auth.internal.RecaptchaActivity"
128-->[com.google.firebase:firebase-auth:23.1.0] AndroidManifest.xml:48:13-79
129            android:excludeFromRecents="true"
129-->[com.google.firebase:firebase-auth:23.1.0] AndroidManifest.xml:49:13-46
130            android:exported="true"
130-->[com.google.firebase:firebase-auth:23.1.0] AndroidManifest.xml:50:13-36
131            android:launchMode="singleTask"
131-->[com.google.firebase:firebase-auth:23.1.0] AndroidManifest.xml:51:13-44
132            android:theme="@android:style/Theme.Translucent.NoTitleBar" >
132-->[com.google.firebase:firebase-auth:23.1.0] AndroidManifest.xml:52:13-72
133            <intent-filter>
133-->[com.google.firebase:firebase-auth:23.1.0] AndroidManifest.xml:53:13-63:29
134                <action android:name="android.intent.action.VIEW" />
134-->[com.google.firebase:firebase-auth:23.1.0] AndroidManifest.xml:36:17-69
134-->[com.google.firebase:firebase-auth:23.1.0] AndroidManifest.xml:36:25-66
135
136                <category android:name="android.intent.category.DEFAULT" />
136-->[com.google.firebase:firebase-auth:23.1.0] AndroidManifest.xml:38:17-76
136-->[com.google.firebase:firebase-auth:23.1.0] AndroidManifest.xml:38:27-73
137                <category android:name="android.intent.category.BROWSABLE" />
137-->[com.google.firebase:firebase-auth:23.1.0] AndroidManifest.xml:39:17-78
137-->[com.google.firebase:firebase-auth:23.1.0] AndroidManifest.xml:39:27-75
138
139                <data
139-->[com.google.firebase:firebase-auth:23.1.0] AndroidManifest.xml:41:17-44:51
140                    android:host="firebase.auth"
140-->[com.google.firebase:firebase-auth:23.1.0] AndroidManifest.xml:42:21-49
141                    android:path="/"
141-->[com.google.firebase:firebase-auth:23.1.0] AndroidManifest.xml:43:21-37
142                    android:scheme="recaptcha" />
142-->[com.google.firebase:firebase-auth:23.1.0] AndroidManifest.xml:44:21-48
143            </intent-filter>
144        </activity>
145
146        <service
146-->[androidx.credentials:credentials-play-services-auth:1.2.0-rc01] AndroidManifest.xml:24:9-32:19
147            android:name="androidx.credentials.playservices.CredentialProviderMetadataHolder"
147-->[androidx.credentials:credentials-play-services-auth:1.2.0-rc01] AndroidManifest.xml:25:13-94
148            android:enabled="true"
148-->[androidx.credentials:credentials-play-services-auth:1.2.0-rc01] AndroidManifest.xml:26:13-35
149            android:exported="false" >
149-->[androidx.credentials:credentials-play-services-auth:1.2.0-rc01] AndroidManifest.xml:27:13-37
150            <meta-data
150-->[androidx.credentials:credentials-play-services-auth:1.2.0-rc01] AndroidManifest.xml:29:13-31:104
151                android:name="androidx.credentials.CREDENTIAL_PROVIDER_KEY"
151-->[androidx.credentials:credentials-play-services-auth:1.2.0-rc01] AndroidManifest.xml:30:17-76
152                android:value="androidx.credentials.playservices.CredentialProviderPlayServicesImpl" />
152-->[androidx.credentials:credentials-play-services-auth:1.2.0-rc01] AndroidManifest.xml:31:17-101
153        </service>
154
155        <activity
155-->[androidx.credentials:credentials-play-services-auth:1.2.0-rc01] AndroidManifest.xml:34:9-41:20
156            android:name="androidx.credentials.playservices.HiddenActivity"
156-->[androidx.credentials:credentials-play-services-auth:1.2.0-rc01] AndroidManifest.xml:35:13-76
157            android:configChanges="orientation|screenSize|screenLayout|keyboardHidden"
157-->[androidx.credentials:credentials-play-services-auth:1.2.0-rc01] AndroidManifest.xml:36:13-87
158            android:enabled="true"
158-->[androidx.credentials:credentials-play-services-auth:1.2.0-rc01] AndroidManifest.xml:37:13-35
159            android:exported="false"
159-->[androidx.credentials:credentials-play-services-auth:1.2.0-rc01] AndroidManifest.xml:38:13-37
160            android:fitsSystemWindows="true"
160-->[androidx.credentials:credentials-play-services-auth:1.2.0-rc01] AndroidManifest.xml:39:13-45
161            android:theme="@style/Theme.Hidden" >
161-->[androidx.credentials:credentials-play-services-auth:1.2.0-rc01] AndroidManifest.xml:40:13-48
162        </activity>
163
164        <receiver
164-->[com.google.android.gms:play-services-measurement:22.1.2] AndroidManifest.xml:29:9-33:20
165            android:name="com.google.android.gms.measurement.AppMeasurementReceiver"
165-->[com.google.android.gms:play-services-measurement:22.1.2] AndroidManifest.xml:30:13-85
166            android:enabled="true"
166-->[com.google.android.gms:play-services-measurement:22.1.2] AndroidManifest.xml:31:13-35
167            android:exported="false" >
167-->[com.google.android.gms:play-services-measurement:22.1.2] AndroidManifest.xml:32:13-37
168        </receiver>
169
170        <service
170-->[com.google.android.gms:play-services-measurement:22.1.2] AndroidManifest.xml:35:9-38:40
171            android:name="com.google.android.gms.measurement.AppMeasurementService"
171-->[com.google.android.gms:play-services-measurement:22.1.2] AndroidManifest.xml:36:13-84
172            android:enabled="true"
172-->[com.google.android.gms:play-services-measurement:22.1.2] AndroidManifest.xml:37:13-35
173            android:exported="false" />
173-->[com.google.android.gms:play-services-measurement:22.1.2] AndroidManifest.xml:38:13-37
174        <service
174-->[com.google.android.gms:play-services-measurement:22.1.2] AndroidManifest.xml:39:9-43:72
175            android:name="com.google.android.gms.measurement.AppMeasurementJobService"
175-->[com.google.android.gms:play-services-measurement:22.1.2] AndroidManifest.xml:40:13-87
176            android:enabled="true"
176-->[com.google.android.gms:play-services-measurement:22.1.2] AndroidManifest.xml:41:13-35
177            android:exported="false"
177-->[com.google.android.gms:play-services-measurement:22.1.2] AndroidManifest.xml:42:13-37
178            android:permission="android.permission.BIND_JOB_SERVICE" />
178-->[com.google.android.gms:play-services-measurement:22.1.2] AndroidManifest.xml:43:13-69
179
180        <uses-library
180-->[androidx.privacysandbox.ads:ads-adservices:1.0.0-beta05] AndroidManifest.xml:23:9-25:40
181            android:name="android.ext.adservices"
181-->[androidx.privacysandbox.ads:ads-adservices:1.0.0-beta05] AndroidManifest.xml:24:13-50
182            android:required="false" />
182-->[androidx.privacysandbox.ads:ads-adservices:1.0.0-beta05] AndroidManifest.xml:25:13-37
183
184        <provider
184-->[com.google.firebase:firebase-common:21.0.0] AndroidManifest.xml:23:9-28:39
185            android:name="com.google.firebase.provider.FirebaseInitProvider"
185-->[com.google.firebase:firebase-common:21.0.0] AndroidManifest.xml:24:13-77
186            android:authorities="com.application.aulafirebase.firebaseinitprovider"
186-->[com.google.firebase:firebase-common:21.0.0] AndroidManifest.xml:25:13-72
187            android:directBootAware="true"
187-->[com.google.firebase:firebase-common:21.0.0] AndroidManifest.xml:26:13-43
188            android:exported="false"
188-->[com.google.firebase:firebase-common:21.0.0] AndroidManifest.xml:27:13-37
189            android:initOrder="100" />
189-->[com.google.firebase:firebase-common:21.0.0] AndroidManifest.xml:28:13-36
190
191        <activity
191-->[com.google.android.gms:play-services-auth:20.7.0] AndroidManifest.xml:23:9-27:75
192            android:name="com.google.android.gms.auth.api.signin.internal.SignInHubActivity"
192-->[com.google.android.gms:play-services-auth:20.7.0] AndroidManifest.xml:24:13-93
193            android:excludeFromRecents="true"
193-->[com.google.android.gms:play-services-auth:20.7.0] AndroidManifest.xml:25:13-46
194            android:exported="false"
194-->[com.google.android.gms:play-services-auth:20.7.0] AndroidManifest.xml:26:13-37
195            android:theme="@android:style/Theme.Translucent.NoTitleBar" />
195-->[com.google.android.gms:play-services-auth:20.7.0] AndroidManifest.xml:27:13-72
196        <!--
197            Service handling Google Sign-In user revocation. For apps that do not integrate with
198            Google Sign-In, this service will never be started.
199        -->
200        <service
200-->[com.google.android.gms:play-services-auth:20.7.0] AndroidManifest.xml:33:9-37:51
201            android:name="com.google.android.gms.auth.api.signin.RevocationBoundService"
201-->[com.google.android.gms:play-services-auth:20.7.0] AndroidManifest.xml:34:13-89
202            android:exported="true"
202-->[com.google.android.gms:play-services-auth:20.7.0] AndroidManifest.xml:35:13-36
203            android:permission="com.google.android.gms.auth.api.signin.permission.REVOCATION_NOTIFICATION"
203-->[com.google.android.gms:play-services-auth:20.7.0] AndroidManifest.xml:36:13-107
204            android:visibleToInstantApps="true" />
204-->[com.google.android.gms:play-services-auth:20.7.0] AndroidManifest.xml:37:13-48
205
206        <activity
206-->[com.google.android.gms:play-services-base:18.5.0] AndroidManifest.xml:5:9-173
207            android:name="com.google.android.gms.common.api.GoogleApiActivity"
207-->[com.google.android.gms:play-services-base:18.5.0] AndroidManifest.xml:5:19-85
208            android:exported="false"
208-->[com.google.android.gms:play-services-base:18.5.0] AndroidManifest.xml:5:146-170
209            android:theme="@android:style/Theme.Translucent.NoTitleBar" />
209-->[com.google.android.gms:play-services-base:18.5.0] AndroidManifest.xml:5:86-145
210
211        <meta-data
211-->[com.google.android.gms:play-services-basement:18.4.0] AndroidManifest.xml:6:9-122
212            android:name="com.google.android.gms.version"
212-->[com.google.android.gms:play-services-basement:18.4.0] AndroidManifest.xml:6:20-65
213            android:value="@integer/google_play_services_version" />
213-->[com.google.android.gms:play-services-basement:18.4.0] AndroidManifest.xml:6:66-119
214
215        <provider
215-->[androidx.emoji2:emoji2:1.3.0] AndroidManifest.xml:24:9-32:20
216            android:name="androidx.startup.InitializationProvider"
216-->[androidx.emoji2:emoji2:1.3.0] AndroidManifest.xml:25:13-67
217            android:authorities="com.application.aulafirebase.androidx-startup"
217-->[androidx.emoji2:emoji2:1.3.0] AndroidManifest.xml:26:13-68
218            android:exported="false" >
218-->[androidx.emoji2:emoji2:1.3.0] AndroidManifest.xml:27:13-37
219            <meta-data
219-->[androidx.emoji2:emoji2:1.3.0] AndroidManifest.xml:29:13-31:52
220                android:name="androidx.emoji2.text.EmojiCompatInitializer"
220-->[androidx.emoji2:emoji2:1.3.0] AndroidManifest.xml:30:17-75
221                android:value="androidx.startup" />
221-->[androidx.emoji2:emoji2:1.3.0] AndroidManifest.xml:31:17-49
222            <meta-data
222-->[androidx.lifecycle:lifecycle-process:2.6.2] AndroidManifest.xml:29:13-31:52
223                android:name="androidx.lifecycle.ProcessLifecycleInitializer"
223-->[androidx.lifecycle:lifecycle-process:2.6.2] AndroidManifest.xml:30:17-78
224                android:value="androidx.startup" />
224-->[androidx.lifecycle:lifecycle-process:2.6.2] AndroidManifest.xml:31:17-49
225            <meta-data
225-->[androidx.profileinstaller:profileinstaller:1.4.0] AndroidManifest.xml:29:13-31:52
226                android:name="androidx.profileinstaller.ProfileInstallerInitializer"
226-->[androidx.profileinstaller:profileinstaller:1.4.0] AndroidManifest.xml:30:17-85
227                android:value="androidx.startup" />
227-->[androidx.profileinstaller:profileinstaller:1.4.0] AndroidManifest.xml:31:17-49
228        </provider>
229
230        <receiver
230-->[androidx.profileinstaller:profileinstaller:1.4.0] AndroidManifest.xml:34:9-52:20
231            android:name="androidx.profileinstaller.ProfileInstallReceiver"
231-->[androidx.profileinstaller:profileinstaller:1.4.0] AndroidManifest.xml:35:13-76
232            android:directBootAware="false"
232-->[androidx.profileinstaller:profileinstaller:1.4.0] AndroidManifest.xml:36:13-44
233            android:enabled="true"
233-->[androidx.profileinstaller:profileinstaller:1.4.0] AndroidManifest.xml:37:13-35
234            android:exported="true"
234-->[androidx.profileinstaller:profileinstaller:1.4.0] AndroidManifest.xml:38:13-36
235            android:permission="android.permission.DUMP" >
235-->[androidx.profileinstaller:profileinstaller:1.4.0] AndroidManifest.xml:39:13-57
236            <intent-filter>
236-->[androidx.profileinstaller:profileinstaller:1.4.0] AndroidManifest.xml:40:13-42:29
237                <action android:name="androidx.profileinstaller.action.INSTALL_PROFILE" />
237-->[androidx.profileinstaller:profileinstaller:1.4.0] AndroidManifest.xml:41:17-91
237-->[androidx.profileinstaller:profileinstaller:1.4.0] AndroidManifest.xml:41:25-88
238            </intent-filter>
239            <intent-filter>
239-->[androidx.profileinstaller:profileinstaller:1.4.0] AndroidManifest.xml:43:13-45:29
240                <action android:name="androidx.profileinstaller.action.SKIP_FILE" />
240-->[androidx.profileinstaller:profileinstaller:1.4.0] AndroidManifest.xml:44:17-85
240-->[androidx.profileinstaller:profileinstaller:1.4.0] AndroidManifest.xml:44:25-82
241            </intent-filter>
242            <intent-filter>
242-->[androidx.profileinstaller:profileinstaller:1.4.0] AndroidManifest.xml:46:13-48:29
243                <action android:name="androidx.profileinstaller.action.SAVE_PROFILE" />
243-->[androidx.profileinstaller:profileinstaller:1.4.0] AndroidManifest.xml:47:17-88
243-->[androidx.profileinstaller:profileinstaller:1.4.0] AndroidManifest.xml:47:25-85
244            </intent-filter>
245            <intent-filter>
245-->[androidx.profileinstaller:profileinstaller:1.4.0] AndroidManifest.xml:49:13-51:29
246                <action android:name="androidx.profileinstaller.action.BENCHMARK_OPERATION" />
246-->[androidx.profileinstaller:profileinstaller:1.4.0] AndroidManifest.xml:50:17-95
246-->[androidx.profileinstaller:profileinstaller:1.4.0] AndroidManifest.xml:50:25-92
247            </intent-filter>